[INFO] Scanning for projects...
[WARNING] 
[WARNING] Some problems were encountered while building the effective model for com.wakaleo.gameoflife:gameoflife-core:jar:1.0-SNAPSHOT
[WARNING] 'reporting.plugins.plugin.version' for org.apache.maven.plugins:maven-project-info-reports-plugin is missing. @ line 16, column 21
[WARNING] 
[WARNING] It is highly recommended to fix these problems because they threaten the stability of your build.
[WARNING] 
[WARNING] For this reason, future Maven versions might no longer support building such malformed projects.
[WARNING] 
[INFO] ------------------------------------------------------------------------
[INFO] Reactor Build Order:
[INFO] 
[INFO] gameoflife
[INFO] gameoflife-build
[INFO] gameoflife-core
[INFO] gameoflife-web
Downloading: http://repo.maven.apache.org/maven2/org/codehaus/mojo/maven-metadata.xml
Downloading: http://repo.maven.apache.org/maven2/org/apache/maven/plugins/maven-metadata.xml
1/20 KB   2/13 KB   1/20 KB   2/13 KB   5/20 KB   2/13 KB   9/20 KB   2/13 KB   9/20 KB   6/13 KB   9/20 KB   10/13 KB   9/20 KB   13/13 KB   13/20 KB   13/13 KB   17/20 KB   13/13 KB   20/20 KB   13/13 KB                         Downloaded: http://repo.maven.apache.org/maven2/org/apache/maven/plugins/maven-metadata.xml (13 KB at 27.1 KB/sec)
                      Downloaded: http://repo.maven.apache.org/maven2/org/codehaus/mojo/maven-metadata.xml (20 KB at 37.5 KB/sec)
[INFO] ------------------------------------------------------------------------
[INFO] Reactor Summary:
[INFO] 
[INFO] gameoflife ........................................ SKIPPED
[INFO] gameoflife-build .................................. SKIPPED
[INFO] gameoflife-core ................................... SKIPPED
[INFO] gameoflife-web .................................... SKIPPED
[INFO] ------------------------------------------------------------------------
[INFO] BUILD FAILURE
[INFO] ------------------------------------------------------------------------
[INFO] Total time: 3.900s
[INFO] Finished at: Mon Feb 22 19:45:07 PST 2016
[INFO] Final Memory: 11M/107M
[INFO] ------------------------------------------------------------------------
[ERROR] No plugin found for prefix 'jetty' in the current project and in the plugin groups [org.apache.maven.plugins, org.codehaus.mojo] available from the repositories [local (/home/brian/.m2/repository), central (http://repo.maven.apache.org/maven2)] -> [Help 1]
[ERROR] 
[ERROR] To see the full stack trace of the errors, re-run Maven with the -e switch.
[ERROR] Re-run Maven using the -X switch to enable full debug logging.
[ERROR] 
[ERROR] For more information about the errors and possible solutions, please read the following articles:
[ERROR] [Help 1] http://cwiki.apache.org/confluence/display/MAVEN/NoPluginFoundForPrefixException
